2020-07-30 18:03:32.997  INFO 8064 --- [main] lavalink.server.Launcher                 : 

[32m       .  [31m _                  _ _       _    [32m__ _ _
[32m      /\\ [31m| | __ ___   ____ _| (_)_ __ | | __[32m\ \ \ \
[32m     ( ( )[31m| |/ _` \ \ / / _` | | | '_ \| |/ /[32m \ \ \ \
[32m      \\/ [31m| | (_| |\ V / (_| | | | | | |   < [32m  ) ) ) )
[32m       '  [31m|_|\__,_| \_/ \__,_|_|_|_| |_|_|\_\[32m / / / /
[0m    =========================================[32m/_/_/_/[0m

	Version:        3.3.1.1
	Build:          1075
	Build time:     13.07.2020 09:09:23 UTC
	Branch          master
	Commit:         f6a1a2a
	Commit time:    13.07.2020 09:04:37 UTC
	JVM:            13.0.3
	Lavaplayer      1.3.50

2020-07-30 18:03:33.122  INFO 8064 --- [main] lavalink.server.Launcher                 : Starting Launcher on LAPTOP-TRUU6P4A with PID 8064 (C:\Users\epicc\Desktop\Coding Projects\bee7\bee7\Lavalink.jar started by epicc in C:\Users\epicc\Desktop\Coding Projects\bee7\bee7)
2020-07-30 18:03:33.123  INFO 8064 --- [main] lavalink.server.Launcher                 : No active profile set, falling back to default profiles: default
2020-07-30 18:03:33.168  WARN 8064 --- [background-preinit] o.s.h.c.j.Jackson2ObjectMapperBuilder    : For Jackson Kotlin classes support please add "com.fasterxml.jackson.module:jackson-module-kotlin" to the classpath
2020-07-30 18:03:35.274  WARN 8064 --- [main] io.undertow.websockets.jsr               : UT026010: Buffer pool was not set on WebSocketDeploymentInfo, the default pool will be used
2020-07-30 18:03:35.301  INFO 8064 --- [main] io.undertow.servlet                      : Initializing Spring embedded WebApplicationContext
2020-07-30 18:03:35.302  INFO 8064 --- [main] o.s.web.context.ContextLoader            : Root WebApplicationContext: initialization completed in 2128 ms
2020-07-30 18:03:35.678  WARN 8064 --- [main] l.server.config.SentryConfiguration      : Turning off sentry
2020-07-30 18:03:35.688  INFO 8064 --- [main] l.s.c.AudioSendFactoryConfiguration      : OS: Windows 10, Arch: amd64
2020-07-30 18:03:35.690  INFO 8064 --- [main] l.s.c.AudioSendFactoryConfiguration      : JDA-NAS supported system detected. Enabled native audio sending.
2020-07-30 18:03:35.691  INFO 8064 --- [main] l.s.c.AudioSendFactoryConfiguration      : Setting buffer to 400ms
2020-07-30 18:03:35.691  INFO 8064 --- [main] l.s.c.AudioSendFactoryConfiguration      : Setting playlist load limit to 6
2020-07-30 18:03:36.274  INFO 8064 --- [main] c.s.d.l.tools.GarbageCollectionMonitor   : GC monitoring enabled, reporting results every 2 minutes.
2020-07-30 18:03:37.051  INFO 8064 --- [main] o.s.s.concurrent.ThreadPoolTaskExecutor  : Initializing ExecutorService 'applicationTaskExecutor'
2020-07-30 18:03:37.576  INFO 8064 --- [main] org.xnio                                 : XNIO version 3.3.8.Final
2020-07-30 18:03:37.601  INFO 8064 --- [main] org.xnio.nio                             : XNIO NIO Implementation Version 3.3.8.Final
2020-07-30 18:03:38.023  INFO 8064 --- [main] o.s.b.w.e.u.UndertowServletWebServer     : Undertow started on port(s) 2333 (http) with context path ''
2020-07-30 18:03:38.029  INFO 8064 --- [main] lavalink.server.Launcher                 : Started Launcher in 5.586 seconds (JVM running for 6.355)
2020-07-30 18:07:30.419  INFO 8064 --- [Thread-1] o.s.s.concurrent.ThreadPoolTaskExecutor  : Shutting down ExecutorService 'applicationTaskExecutor'
2020-07-30 18:07:30.420  INFO 8064 --- [Thread-1] c.s.d.l.tools.GarbageCollectionMonitor   : GC monitoring disabled.
2020-07-30 18:07:42.551  INFO 8588 --- [main] lavalink.server.Launcher                 : 

[32m       .  [31m _                  _ _       _    [32m__ _ _
[32m      /\\ [31m| | __ ___   ____ _| (_)_ __ | | __[32m\ \ \ \
[32m     ( ( )[31m| |/ _` \ \ / / _` | | | '_ \| |/ /[32m \ \ \ \
[32m      \\/ [31m| | (_| |\ V / (_| | | | | | |   < [32m  ) ) ) )
[32m       '  [31m|_|\__,_| \_/ \__,_|_|_|_| |_|_|\_\[32m / / / /
[0m    =========================================[32m/_/_/_/[0m

	Version:        c53259e604ead573df143ae27722c5dd3054ab2c-SNAPSHOT
	Build:          1079
	Build time:     17.07.2020 19:19:35 UTC
	Branch          master
	Commit:         c53259e
	Commit time:    17.07.2020 19:14:44 UTC
	JVM:            13.0.3
	Lavaplayer      1.3.50

2020-07-30 18:07:42.634  INFO 8588 --- [main] lavalink.server.Launcher                 : Starting Launcher on LAPTOP-TRUU6P4A with PID 8588 (C:\Users\epicc\Desktop\Coding Projects\bee7\bee7\Lavalink.jar started by epicc in C:\Users\epicc\Desktop\Coding Projects\bee7\bee7)
2020-07-30 18:07:42.635  INFO 8588 --- [main] lavalink.server.Launcher                 : No active profile set, falling back to default profiles: default
2020-07-30 18:07:42.707  WARN 8588 --- [background-preinit] o.s.h.c.j.Jackson2ObjectMapperBuilder    : For Jackson Kotlin classes support please add "com.fasterxml.jackson.module:jackson-module-kotlin" to the classpath
2020-07-30 18:07:44.071  WARN 8588 --- [main] io.undertow.websockets.jsr               : UT026010: Buffer pool was not set on WebSocketDeploymentInfo, the default pool will be used
2020-07-30 18:07:44.093  INFO 8588 --- [main] io.undertow.servlet                      : Initializing Spring embedded WebApplicationContext
2020-07-30 18:07:44.094  INFO 8588 --- [main] o.s.web.context.ContextLoader            : Root WebApplicationContext: initialization completed in 1412 ms
2020-07-30 18:07:44.367  WARN 8588 --- [main] l.server.config.SentryConfiguration      : Turning off sentry
2020-07-30 18:07:44.375  INFO 8588 --- [main] l.s.c.AudioSendFactoryConfiguration      : OS: Windows 10, Arch: amd64
2020-07-30 18:07:44.379  INFO 8588 --- [main] l.s.c.AudioSendFactoryConfiguration      : JDA-NAS supported system detected. Enabled native audio sending.
2020-07-30 18:07:44.379  INFO 8588 --- [main] l.s.c.AudioSendFactoryConfiguration      : Setting buffer to 400ms
2020-07-30 18:07:44.380  INFO 8588 --- [main] l.s.c.AudioSendFactoryConfiguration      : Setting playlist load limit to 6
2020-07-30 18:07:44.655  INFO 8588 --- [main] c.s.d.l.tools.GarbageCollectionMonitor   : GC monitoring enabled, reporting results every 2 minutes.
2020-07-30 18:07:45.087  INFO 8588 --- [main] o.s.s.concurrent.ThreadPoolTaskExecutor  : Initializing ExecutorService 'applicationTaskExecutor'
2020-07-30 18:07:45.367  INFO 8588 --- [main] org.xnio                                 : XNIO version 3.3.8.Final
2020-07-30 18:07:45.380  INFO 8588 --- [main] org.xnio.nio                             : XNIO NIO Implementation Version 3.3.8.Final
2020-07-30 18:07:45.685  INFO 8588 --- [main] o.s.b.w.e.u.UndertowServletWebServer     : Undertow started on port(s) 2333 (http) with context path ''
2020-07-30 18:07:45.689  INFO 8588 --- [main] lavalink.server.Launcher                 : Started Launcher in 3.506 seconds (JVM running for 3.869)
2020-07-30 18:07:50.557  INFO 8588 --- [XNIO-1 task-1] io.undertow.servlet                      : Initializing Spring DispatcherServlet 'dispatcherServlet'
2020-07-30 18:07:50.558  INFO 8588 --- [XNIO-1 task-1] o.s.web.servlet.DispatcherServlet        : Initializing Servlet 'dispatcherServlet'
2020-07-30 18:07:50.565  INFO 8588 --- [XNIO-1 task-1] o.s.web.servlet.DispatcherServlet        : Completed initialization in 7 ms
2020-07-30 18:07:50.582  INFO 8588 --- [XNIO-1 task-1] l.server.io.HandshakeInterceptorImpl     : Incoming connection from /127.0.0.1:17936
2020-07-30 18:07:50.685  INFO 8588 --- [XNIO-1 task-1] lavalink.server.io.SocketServer          : Connection successfully established from /127.0.0.1:17936
2020-07-30 18:10:12.570  INFO 8588 --- [XNIO-1 task-2] l.server.player.AudioLoaderRestHandler   : GET /loadtracks
2020-07-30 18:10:12.721  INFO 8588 --- [XNIO-1 I/O-4] lavalink.server.io.SocketServer          : {"sessionId":"9fab26bcc19d5063832d15eae1b6a285","op":"voiceUpdate","guildId":"713780952207196243","event":{"token":"1f7a2fd6650c4564","guild_id":"713780952207196243","endpoint":"us-west8385.discord.media:80"}}
2020-07-30 18:10:12.794  INFO 8588 --- [parallel-2] com.jcabi.manifests.Manifests            : 73 attributes loaded from 84 stream(s) in 52ms, 73 saved, 1240 ignored: ["Ant-Version", "Archiver-Version", "Automatic-Module-Name", "Bnd-LastModified", "Build-Jdk", "Build-Jdk-Spec", "Build-Time", "Built-By", "Bundle-ActivationPolicy", "Bundle-Activator", "Bundle-Category", "Bundle-Description", "Bundle-DocURL", "Bundle-License", "Bundle-ManifestVersion", "Bundle-Name", "Bundle-NativeCode", "Bundle-RequiredExecutionEnvironment", "Bundle-SymbolicName", "Bundle-Vendor", "Bundle-Version", "Copyright", "Created-By", "Export-Package", "Extension-Name", "Git-Revision", "Implementation-Build", "Implementation-Build-Date", "Implementation-Title", "Implementation-URL", "Implementation-Vendor", "Implementation-Vendor-Id", "Implementation-Version", "Import-Package", "Include-Resource", "JCabi-Build", "JCabi-Date", "JCabi-Version", "Jar-Name", "Jar-Version", "Java-Vendor", "Java-Version", "Kotlin-Runtime-Component", "Kotlin-Version", "Log4jReleaseKey", "Log4jReleaseManager", "Log4jReleaseVersion", "Magma-Version", "Main-Class", "Manifest-Version", "Multi-Release", "Originally-Created-By", "Os-Arch", "Os-Name", "Os-Version", "Private-Package", "Provide-Capability", "Require-Bundle", "Require-Capability", "Scm-Connection", "Scm-Revision", "Scm-Url", "Specification-Title", "Specification-Vendor", "Specification-Version", "Spring-Boot-Classes", "Spring-Boot-Lib", "Spring-Boot-Version", "Start-Class", "Tool", "X-Compile-Source-JDK", "X-Compile-Target-JDK", "url"]
2020-07-30 18:10:13.720  INFO 8588 --- [lava-daemon-pool-info-loader-2-thread-1] lavalink.server.player.AudioLoader       : Loaded playlist Search results for: believe
2020-07-30 18:10:19.881  INFO 8588 --- [XNIO-1 task-4] l.server.player.AudioLoaderRestHandler   : GET /loadtracks
2020-07-30 18:10:20.793  INFO 8588 --- [lava-daemon-pool-info-loader-2-thread-1] lavalink.server.player.AudioLoader       : Loaded playlist Search results for: believer
2020-07-30 18:10:22.503  INFO 8588 --- [XNIO-1 I/O-4] lavalink.server.io.SocketServer          : {"op":"play","guildId":"713780952207196243","track":"QAAAggIAGkltYWdpbmUgRHJhZ29ucyAtIEJlbGlldmVyAA5JbWFnaW5lRHJhZ29ucwAAAAAAA0+oAAs3d3RmaFp3eXJjYwABACtodHRwczovL3d3dy55b3V0dWJlLmNvbS93YXRjaD92PTd3dGZoWnd5cmNjAAd5b3V0dWJlAAAAAAAAAAA=","volume":100}
2020-07-30 18:13:49.562  INFO 8588 --- [XNIO-1 I/O-4] lavalink.server.io.SocketServer          : {"op":"stop","guildId":"713780952207196243"}
2020-07-30 18:13:49.565  INFO 8588 --- [XNIO-1 I/O-4] lavalink.server.io.SocketServer          : {"op":"destroy","guildId":"713780952207196243"}
